Arguments: 
  C:\Program Files\nodejs\node.exe C:\Users\Jay\AppData\Roaming\npm\node_modules\yarn\bin\yarn.js add @redux/toolkit react-redux

PATH: 
  C:\Users\Jay\bin;C:\Program Files\Git\mingw64\bin;C:\Program Files\Git\usr\local\bin;C:\Program Files\Git\usr\bin;C:\Program Files\Git\usr\bin;C:\Program Files\Git\mingw64\bin;C:\Program Files\Git\usr\bin;C:\Users\Jay\bin;C:\WINDOWS\system32;C:\WINDOWS;C:\WINDOWS\System32\Wbem;C:\WINDOWS\System32\WindowsPowerShell\v1.0;C:\WINDOWS\System32\OpenSSH;C:\Program Files\Git\cmd;C:\Program Files\NVIDIA Corporation\NVIDIA NvDLISR;C:\Program Files (x86)\NVIDIA Corporation\PhysX\Common;C:\Program Files\nodejs;C:\Users\Jay\AppData\Local\Microsoft\WindowsApps;C:\Users\Jay\AppData\Local\Programs\Microsoft VS Code\bin;C:\Users\Jay\AppData\Roaming\npm;C:\Program Files\Git\usr\bin\vendor_perl;C:\Program Files\Git\usr\bin\core_perl

Yarn version: 
  1.22.16

Node version: 
  14.18.1

Platform: 
  win32 x64

Trace: 
  Error: https://registry.yarnpkg.com/@redux%2ftoolkit: Not found
      at Request.params.callback [as _callback] (C:\Users\Jay\AppData\Roaming\npm\node_modules\yarn\lib\cli.js:67030:18)
      at Request.self.callback (C:\Users\Jay\AppData\Roaming\npm\node_modules\yarn\lib\cli.js:140884:22)
      at Request.emit (events.js:400:28)
      at Request.<anonymous> (C:\Users\Jay\AppData\Roaming\npm\node_modules\yarn\lib\cli.js:141856:10)
      at Request.emit (events.js:400:28)
      at IncomingMessage.<anonymous> (C:\Users\Jay\AppData\Roaming\npm\node_modules\yarn\lib\cli.js:141778:12)
      at Object.onceWrapper (events.js:519:28)
      at IncomingMessage.emit (events.js:412:35)
      at endReadableNT (internal/streams/readable.js:1334:12)
      at processTicksAndRejections (internal/process/task_queues.js:82:21)

npm manifest: 
  No manifest

yarn manifest: 
  No manifest

Lockfile: 
  No lockfile
